<?xml version="1.0" encoding="UTF-8"?>
<!-- Generated by org.testng.reporters.JUnitReportReporter -->
<testsuite skipped="0" hostname="DESKTOP-Q5FUUUI" name="vishalselenium.SeleniumCheck.Test1" tests="1" failures="0" timestamp="2021-07-21T15:11:46 IST" time="17.401" errors="0">
  <testcase name="mobiletest1" time="17.401" classname="vishalselenium.SeleniumCheck.Test1"/>
  <system-out/>
</testsuite> <!-- vishalselenium.SeleniumCheck.Test1 -->
